#
# A fatal error has been detected by the Java Runtime Environment:
#
#  EXCEPTION_ACCESS_VIOLATION (0xc0000005) at pc=0x00000000727881c5, pid=10868, tid=1148
#
# JRE version: Java(TM) SE Runtime Environment (8.0_51-b16) (build 1.8.0_51-b16)
# Java VM: Java HotSpot(TM) 64-Bit Server VM (25.51-b03 mixed mode windows-amd64 compressed oops)
# Problematic frame:
# V  [jvm.dll+0x1281c5]
#
# Failed to write core dump. Minidumps are not enabled by default on client versions of Windows
#
# If you would like to submit a bug report, please visit:
#   http://bugreport.java.com/bugreport/crash.jsp
#

---------------  T H R E A D  ---------------

Current thread (0x0000000017412800):  JavaThread "JDWP Transport Listener: dt_socket" daemon [_thread_in_vm, id=1148, stack(0x0000000018a50000,0x0000000018b50000)]

siginfo: ExceptionCode=0xc0000005, reading address 0x00003b3035383431

Registers:
RAX=0x0000000018b4f201, RBX=0x0000000017412800, RCX=0x00003b3035383431, RDX=0x0000000000000000
RSP=0x0000000018b4f1e0, RBP=0x00003b3035383431, RSI=0x0000000018b4f2f8, RDI=0x00000000023a8930
R8 =0x0000000017412800, R9 =0x000000000000ff00, R10=0x0000000000000000, R11=0x000000001932f773
R12=0x0000000000000000, R13=0x0000000017407d88, R14=0x0000000000000000, R15=0x0000000000000000
RIP=0x00000000727881c5, EFLAGS=0x0000000000010202

Top of Stack: (sp=0x0000000018b4f1e0)
0x0000000018b4f1e0:   0000000017412800 0000000017412800
0x0000000018b4f1f0:   0000000018b4f2a8 000000007298c72b
0x0000000018b4f200:   0000000017412800 00000000729a8f8d
0x0000000018b4f210:   0000000000000000 0000000074af9155
0x0000000018b4f220:   00000000174264d0 0000000074b0291e
0x0000000018b4f230:   0000000017412800 0000000000000000
0x0000000018b4f240:   0000000000000000 0000000000000000
0x0000000018b4f250:   00003b3035383431 0000000074b01a15
0x0000000018b4f260:   0000000018b4f2f8 0000000018b4f2d0
0x0000000018b4f270:   0000000000000001 00000000174264d0
0x0000000018b4f280:   00003b3035383431 0000000074ae53b3
0x0000000018b4f290:   0000000018b4f3c0 0000000000000001
0x0000000018b4f2a0:   0000000000000001 00000000174264d0
0x0000000018b4f2b0:   000000000000000c 0000000000000000
0x0000000018b4f2c0:   0000000000000000 0000000000000000
0x0000000018b4f2d0:   0000000000000001 0000000074ae5571 

Instructions: (pc=0x00000000727881c5)
0x00000000727881a5:   cc cc cc cc cc cc cc cc cc cc cc 48 83 ec 28 48
0x00000000727881b5:   85 c9 75 07 33 c0 48 83 c4 28 c3 48 89 5c 24 20
0x00000000727881c5:   48 8b 19 48 85 db 74 20 48 83 fb 37 74 1a 48 8b
0x00000000727881d5:   13 48 8b cb ff 52 10 84 c0 74 0d 48 8b c3 48 8b 


Register to memory mapping:

RAX=0x0000000018b4f201 is pointing into the stack for thread: 0x0000000017412800
RBX=0x0000000017412800 is a thread
RCX=0x00003b3035383431 is an unknown value
RDX=0x0000000000000000 is an unknown value
RSP=0x0000000018b4f1e0 is pointing into the stack for thread: 0x0000000017412800
RBP=0x00003b3035383431 is an unknown value
RSI=0x0000000018b4f2f8 is pointing into the stack for thread: 0x0000000017412800
RDI=0x00000000023a8930 is an unknown value
R8 =0x0000000017412800 is a thread
R9 =0x000000000000ff00 is an unknown value
R10=0x0000000000000000 is an unknown value
R11=0x000000001932f773 is an unknown value
R12=0x0000000000000000 is an unknown value
R13=0x0000000017407d88 is an unknown value
R14=0x0000000000000000 is an unknown value
R15=0x0000000000000000 is an unknown value


Stack: [0x0000000018a50000,0x0000000018b50000],  sp=0x0000000018b4f1e0,  free space=1020k
Native frames: (J=compiled Java code, j=interpreted, Vv=VM code, C=native code)
V  [jvm.dll+0x1281c5]
V  [jvm.dll+0x348f8d]
C  [jdwp.dll+0x21a15]
C  [jdwp.dll+0x53b3]
C  [jdwp.dll+0x5571]
C  [jdwp.dll+0xf0a8]
C  [jdwp.dll+0x1f2d5]
C  [jdwp.dll+0x1f4aa]
V  [jvm.dll+0x1bae78]
V  [jvm.dll+0x2418a4]
V  [jvm.dll+0x29846a]
C  [msvcr100.dll+0x21d9f]
C  [msvcr100.dll+0x21e3b]
C  [KERNEL32.DLL+0x1842]
C  [ntdll.dll+0x3df11]


---------------  P R O C E S S  ---------------

Java Threads: ( => current thread )
  0x000000001a20e800 JavaThread "TimerQueue" daemon [_thread_blocked, id=12052, stack(0x000000001aed0000,0x000000001afd0000)]
  0x0000000002792800 JavaThread "DestroyJavaVM" [_thread_blocked, id=8100, stack(0x00000000023b0000,0x00000000024b0000)]
  0x000000001a15b000 JavaThread "AWT-EventQueue-0" [_thread_blocked, id=5604, stack(0x000000001a910000,0x000000001aa10000)]
  0x0000000019411800 JavaThread "AWT-Windows" daemon [_thread_in_native, id=8392, stack(0x0000000019b10000,0x0000000019c10000)]
  0x000000001940f800 JavaThread "AWT-Shutdown" [_thread_blocked, id=9496, stack(0x0000000019a10000,0x0000000019b10000)]
  0x000000001940c800 JavaThread "Java2D Disposer" daemon [_thread_blocked, id=6984, stack(0x0000000019910000,0x0000000019a10000)]
  0x0000000019097800 JavaThread "Service Thread" daemon [_thread_blocked, id=1384, stack(0x0000000019450000,0x0000000019550000)]
  0x000000001742b800 JavaThread "C1 CompilerThread2" daemon [_thread_blocked, id=6532, stack(0x0000000018f50000,0x0000000019050000)]
  0x000000001742a800 JavaThread "C2 CompilerThread1" daemon [_thread_blocked, id=12656, stack(0x0000000018e50000,0x0000000018f50000)]
  0x0000000017429000 JavaThread "C2 CompilerThread0" daemon [_thread_blocked, id=12920, stack(0x0000000018d50000,0x0000000018e50000)]
  0x000000001741a000 JavaThread "JDWP Command Reader" daemon [_thread_in_native, id=2768, stack(0x0000000018c50000,0x0000000018d50000)]
  0x0000000017416800 JavaThread "JDWP Event Helper Thread" daemon [_thread_blocked, id=5784, stack(0x0000000018b50000,0x0000000018c50000)]
=>0x0000000017412800 JavaThread "JDWP Transport Listener: dt_socket" daemon [_thread_in_vm, id=1148, stack(0x0000000018a50000,0x0000000018b50000)]
  0x00000000173ff000 JavaThread "Attach Listener" daemon [_thread_blocked, id=9256, stack(0x0000000018850000,0x0000000018950000)]
  0x00000000173fe000 JavaThread "Signal Dispatcher" daemon [_thread_blocked, id=8276, stack(0x0000000018750000,0x0000000018850000)]
  0x0000000002888800 JavaThread "Finalizer" daemon [_thread_blocked, id=10556, stack(0x0000000018650000,0x0000000018750000)]
  0x000000000287f800 JavaThread "Reference Handler" daemon [_thread_blocked, id=12300, stack(0x0000000018550000,0x0000000018650000)]

Other Threads:
  0x00000000173c7000 VMThread [stack: 0x0000000018450000,0x0000000018550000] [id=2160]
  0x00000000190a5800 WatcherThread [stack: 0x0000000019550000,0x0000000019650000] [id=9172]

VM state:not at safepoint (normal execution)

VM Mutex/Monitor currently owned by a thread: None

Heap:
 PSYoungGen      total 38400K, used 10662K [0x00000000d5c00000, 0x00000000d8680000, 0x0000000100000000)
  eden space 33280K, 32% used [0x00000000d5c00000,0x00000000d66698a8,0x00000000d7c80000)
  from space 5120K, 0% used [0x00000000d8180000,0x00000000d8180000,0x00000000d8680000)
  to   space 5120K, 0% used [0x00000000d7c80000,0x00000000d7c80000,0x00000000d8180000)
 ParOldGen       total 87552K, used 0K [0x0000000081400000, 0x0000000086980000, 0x00000000d5c00000)
  object space 87552K, 0% used [0x0000000081400000,0x0000000081400000,0x0000000086980000)
 Metaspace       used 11721K, capacity 11890K, committed 12032K, reserved 1060864K
  class space    used 1404K, capacity 1481K, committed 1536K, reserved 1048576K

Card table byte_map: [0x0000000011c50000,0x0000000012050000] byte_map_base: 0x0000000011846000

Marking Bits: (ParMarkBitMap*) 0x0000000072e64040
 Begin Bits: [0x0000000012700000, 0x00000000146b0000)
 End Bits:   [0x00000000146b0000, 0x0000000016660000)

Polling page: 0x0000000002330000

CodeCache: size=245760Kb used=3468Kb max_used=3471Kb free=242291Kb
 bounds [0x0000000002890000, 0x0000000002c00000, 0x0000000011890000]
 total_blobs=1422 nmethods=953 adapters=389
 compilation: enabled

Compilation events (10 events):
Event: 60.779 Thread 0x000000001742a800  948   !   4       sun.awt.AWTAutoShutdown::setToolkitBusy (124 bytes)
Event: 60.791 Thread 0x000000001742a800 nmethod 948 0x0000000002bf1d10 code [0x0000000002bf1e80, 0x0000000002bf2538]
Event: 60.820 Thread 0x000000001742b800  949       3       java.awt.KeyboardFocusManager::checkKFMSecurity (11 bytes)
Event: 60.821 Thread 0x000000001742b800 nmethod 949 0x0000000002bf1410 code [0x0000000002bf15e0, 0x0000000002bf1af8]
Event: 61.205 Thread 0x000000001742b800  950       1       sun.util.locale.StringTokenIterator::current (5 bytes)
Event: 61.205 Thread 0x000000001742b800 nmethod 950 0x0000000002bf3bd0 code [0x0000000002bf3d20, 0x0000000002bf3e30]
Event: 64.959 Thread 0x000000001742b800  952       3       sun.invoke.util.Wrapper::forBasicType (16 bytes)
Event: 64.960 Thread 0x000000001742b800 nmethod 952 0x0000000002bf3710 code [0x0000000002bf3880, 0x0000000002bf3af8]
Event: 64.960 Thread 0x000000001742b800  953       3       java.lang.invoke.MethodType::toMethodDescriptorString (21 bytes)
Event: 64.962 Thread 0x000000001742b800 nmethod 953 0x0000000002bf49d0 code [0x0000000002bf4be0, 0x0000000002bf56f8]

GC Heap History (0 events):
No events

Deoptimization events (10 events):
Event: 1.130 Thread 0x000000001a15b000 Uncommon trap: reason=class_check action=maybe_recompile pc=0x0000000002a0d2a0 method=java.lang.String.equals(Ljava/lang/Object;)Z @ 8
Event: 1.130 Thread 0x000000001a15b000 Uncommon trap: reason=class_check action=maybe_recompile pc=0x0000000002a0d2a0 method=java.lang.String.equals(Ljava/lang/Object;)Z @ 8
Event: 1.229 Thread 0x000000001a15b000 Uncommon trap: reason=class_check action=maybe_recompile pc=0x0000000002a0d2a0 method=java.lang.String.equals(Ljava/lang/Object;)Z @ 8
Event: 1.229 Thread 0x000000001a15b000 Uncommon trap: reason=class_check action=maybe_recompile pc=0x0000000002a0d2a0 method=java.lang.String.equals(Ljava/lang/Object;)Z @ 8
Event: 55.616 Thread 0x000000001a15b000 Uncommon trap: reason=bimorphic action=maybe_recompile pc=0x0000000002b058f0 method=java.util.HashMap.getNode(ILjava/lang/Object;)Ljava/util/HashMap$Node; @ 126
Event: 55.616 Thread 0x000000001a15b000 Uncommon trap: reason=bimorphic action=maybe_recompile pc=0x0000000002b058f0 method=java.util.HashMap.getNode(ILjava/lang/Object;)Ljava/util/HashMap$Node; @ 126
Event: 55.616 Thread 0x000000001a15b000 Uncommon trap: reason=bimorphic action=maybe_recompile pc=0x0000000002b058f0 method=java.util.HashMap.getNode(ILjava/lang/Object;)Ljava/util/HashMap$Node; @ 126
Event: 55.616 Thread 0x000000001a15b000 Uncommon trap: reason=bimorphic action=maybe_recompile pc=0x0000000002b058f0 method=java.util.HashMap.getNode(ILjava/lang/Object;)Ljava/util/HashMap$Node; @ 126
Event: 55.621 Thread 0x000000001a15b000 Uncommon trap: reason=unstable_if action=reinterpret pc=0x0000000002acb2a8 method=java.util.HashMap.getNode(ILjava/lang/Object;)Ljava/util/HashMap$Node; @ 62
Event: 55.629 Thread 0x000000001a15b000 Uncommon trap: reason=unstable_if action=reinterpret pc=0x0000000002b96354 method=java.util.HashMap.getNode(ILjava/lang/Object;)Ljava/util/HashMap$Node; @ 62

Internal exceptions (10 events):
Event: 0.028 Thread 0x0000000002792800 Exception <a 'java/lang/NoSuchMethodError': Method sun.misc.Unsafe.defineClass(Ljava/lang/String;[BII)Ljava/lang/Class; name or signature does not match> (0x00000000d5c0d590) thrown at [C:\re\workspace\8-2-build-windows-amd64-cygwin\jdk8u51\3951\hotspot\srí÷beCPú?
Event: 0.028 Thread 0x0000000002792800 Exception <a 'java/lang/NoSuchMethodError': Method sun.misc.Unsafe.prefetchRead(Ljava/lang/Object;J)V name or signature does not match> (0x00000000d5c0d820) thrown at [C:\re\workspace\8-2-build-windows-amd64-cygwin\jdk8u51\3951\hotspot\src\share\vm\prims\j6$cx¿?
Event: 0.129 Thread 0x0000000002792800 Exception <a 'java/security/PrivilegedActionException'> (0x00000000d5c7df60) thrown at [C:\re\workspace\8-2-build-windows-amd64-cygwin\jdk8u51\3951\hotspot\src\share\vm\prims\jvm.cpp, line 1382]
Event: 0.129 Thread 0x0000000002792800 Exception <a 'java/security/PrivilegedActionException'> (0x00000000d5c7e118) thrown at [C:\re\workspace\8-2-build-windows-amd64-cygwin\jdk8u51\3951\hotspot\src\share\vm\prims\jvm.cpp, line 1382]
Event: 0.129 Thread 0x0000000002792800 Exception <a 'java/security/PrivilegedActionException'> (0x00000000d5c808b0) thrown at [C:\re\workspace\8-2-build-windows-amd64-cygwin\jdk8u51\3951\hotspot\src\share\vm\prims\jvm.cpp, line 1382]
Event: 0.129 Thread 0x0000000002792800 Exception <a 'java/security/PrivilegedActionException'> (0x00000000d5c80a68) thrown at [C:\re\workspace\8-2-build-windows-amd64-cygwin\jdk8u51\3951\hotspot\src\share\vm\prims\jvm.cpp, line 1382]
Event: 0.136 Thread 0x0000000002792800 Exception <a 'java/io/FileNotFoundException'> (0x00000000d5c87e80) thrown at [C:\re\workspace\8-2-build-windows-amd64-cygwin\jdk8u51\3951\hotspot\src\share\vm\prims\jni.cpp, line 709]
Event: 0.156 Thread 0x0000000002792800 Exception <a 'java/io/FileNotFoundException'> (0x00000000d5e9c030) thrown at [C:\re\workspace\8-2-build-windows-amd64-cygwin\jdk8u51\3951\hotspot\src\share\vm\prims\jni.cpp, line 709]
Event: 0.190 Thread 0x0000000002792800 Exception <a 'java/lang/NoSuchFieldError': method resolution failed> (0x00000000d5f6fba8) thrown at [C:\re\workspace\8-2-build-windows-amd64-cygwin\jdk8u51\3951\hotspot\src\share\vm\prims\methodHandles.cpp, line 1125]
Event: 0.193 Thread 0x0000000002792800 Exception <a 'java/lang/NoSuchFieldError': method resolution failed> (0x00000000d5f7e568) thrown at [C:\re\workspace\8-2-build-windows-amd64-cygwin\jdk8u51\3951\hotspot\src\share\vm\prims\methodHandles.cpp, line 1125]

Events (10 events):
Event: 64.960 Executing VM operation: RevokeBias
Event: 64.960 Executing VM operation: RevokeBias done
Event: 66.873 Executing VM operation: RedefineClasses
Event: 66.881 Executing VM operation: RedefineClasses done
Event: 66.888 Executing VM operation: ChangeBreakpoints
Event: 66.889 Executing VM operation: ChangeBreakpoints done
Event: 66.893 Executing VM operation: ChangeBreakpoints
Event: 66.893 Executing VM operation: ChangeBreakpoints done
Event: 249.056 Executing VM operation: RedefineClasses
Event: 249.061 Executing VM operation: RedefineClasses done


Dynamic libraries:
0x000007f6f8410000 - 0x000007f6f8447000 	C:\plc\java\java8u51\bin\javaw.exe
0x000007fc8cbd0000 - 0x000007fc8cd8d000 	C:\WINDOWS\SYSTEM32\ntdll.dll
0x000007fc8bdc0000 - 0x000007fc8bef7000 	C:\WINDOWS\system32\KERNEL32.DLL
0x000007fc89bc0000 - 0x000007fc89cb4000 	C:\WINDOWS\system32\KERNELBASE.dll
0x000007fc8c4d0000 - 0x000007fc8c5ae000 	C:\WINDOWS\system32\ADVAPI32.dll
0x000007fc8a1a0000 - 0x000007fc8a2ec000 	C:\WINDOWS\system32\USER32.dll
0x000007fc87880000 - 0x000007fc87aea000 	C:\WINDOWS\WinSxS\amd64_microsoft.windows.common-controls_6595b64144ccf1df_6.0.9200.17359_none_4188b989718cf1c6\COMCTL32.dll
0x000007fc8a040000 - 0x000007fc8a0e5000 	C:\WINDOWS\system32\msvcrt.dll
0x000007fc8c0c0000 - 0x000007fc8c108000 	C:\WINDOWS\SYSTEM32\sechost.dll
0x000007fc8bc40000 - 0x000007fc8bd85000 	C:\WINDOWS\system32\RPCRT4.dll
0x000007fc8c340000 - 0x000007fc8c481000 	C:\WINDOWS\system32\GDI32.dll
0x000007fc8c490000 - 0x000007fc8c4c9000 	C:\WINDOWS\system32\IMM32.DLL
0x000007fc8a340000 - 0x000007fc8a455000 	C:\WINDOWS\system32\MSCTF.dll
0x0000000074cf0000 - 0x0000000074dc2000 	C:\plc\java\java8u51\jre\bin\msvcr100.dll
0x0000000072660000 - 0x0000000072ee3000 	C:\plc\java\java8u51\jre\bin\server\jvm.dll
0x000007fc88130000 - 0x000007fc88139000 	C:\WINDOWS\SYSTEM32\WSOCK32.dll
0x000007fc7fca0000 - 0x000007fc7fcc0000 	C:\WINDOWS\SYSTEM32\WINMM.dll
0x000007fc82f70000 - 0x000007fc82f79000 	C:\WINDOWS\SYSTEM32\VERSION.dll
0x000007fc8bd90000 - 0x000007fc8bd97000 	C:\WINDOWS\system32\PSAPI.DLL
0x000007fc8c2e0000 - 0x000007fc8c338000 	C:\WINDOWS\system32\WS2_32.dll
0x000007fc7fc60000 - 0x000007fc7fc93000 	C:\WINDOWS\SYSTEM32\WINMMBASE.dll
0x000007fc8c0b0000 - 0x000007fc8c0b9000 	C:\WINDOWS\system32\NSI.dll
0x000007fc89d70000 - 0x000007fc89dbf000 	C:\WINDOWS\SYSTEM32\cfgmgr32.dll
0x000007fc89b90000 - 0x000007fc89bb2000 	C:\WINDOWS\system32\DEVOBJ.dll
0x0000000074ca0000 - 0x0000000074caf000 	C:\plc\java\java8u51\jre\bin\verify.dll
0x0000000074c70000 - 0x0000000074c99000 	C:\plc\java\java8u51\jre\bin\java.dll
0x0000000074ae0000 - 0x0000000074b15000 	C:\plc\java\java8u51\jre\bin\jdwp.dll
0x0000000074ad0000 - 0x0000000074ad8000 	C:\plc\java\java8u51\jre\bin\npt.dll
0x0000000074c40000 - 0x0000000074c56000 	C:\plc\java\java8u51\jre\bin\zip.dll
0x000007fc8a6f0000 - 0x000007fc8b9d5000 	C:\WINDOWS\system32\SHELL32.dll
0x000007fc8bf00000 - 0x000007fc8c0b0000 	C:\WINDOWS\SYSTEM32\combase.dll
0x000007fc8a2f0000 - 0x000007fc8a340000 	C:\WINDOWS\system32\SHLWAPI.dll
0x000007fc88010000 - 0x000007fc880a6000 	C:\WINDOWS\SYSTEM32\SHCORE.dll
0x000007fc89ad0000 - 0x000007fc89ae5000 	C:\WINDOWS\system32\profapi.dll
0x0000000074ac0000 - 0x0000000074ac9000 	C:\plc\java\java8u51\jre\bin\dt_socket.dll
0x000007fc80fd0000 - 0x000007fc80fe4000 	C:\WINDOWS\system32\napinsp.dll
0x000007fc80ff0000 - 0x000007fc81008000 	C:\WINDOWS\system32\pnrpnsp.dll
0x000007fc86780000 - 0x000007fc86796000 	C:\WINDOWS\system32\NLAapi.dll
0x000007fc89290000 - 0x000007fc892ec000 	C:\WINDOWS\System32\mswsock.dll
0x000007fc890d0000 - 0x000007fc8916c000 	C:\WINDOWS\SYSTEM32\DNSAPI.dll
0x000007fc810c0000 - 0x000007fc810d2000 	C:\WINDOWS\System32\winrnr.dll
0x000007fc84d00000 - 0x000007fc84d61000 	C:\WINDOWS\System32\fwpuclnt.dll
0x000007fc817e0000 - 0x000007fc817e8000 	C:\Windows\System32\rasadhlp.dll
0x00000000732d0000 - 0x0000000073468000 	C:\plc\java\java8u51\jre\bin\awt.dll
0x000007fc8bb60000 - 0x000007fc8bc23000 	C:\WINDOWS\system32\OLEAUT32.dll
0x000007fc85790000 - 0x000007fc8582e000 	C:\WINDOWS\system32\apphelp.dll
0x000007fc87af0000 - 0x000007fc87b11000 	C:\WINDOWS\system32\DWMAPI.DLL
0x000007fc888e0000 - 0x000007fc889c6000 	C:\WINDOWS\system32\uxtheme.dll
0x000007fc8b9e0000 - 0x000007fc8bb5e000 	C:\WINDOWS\system32\ole32.dll
0x000007fc89880000 - 0x000007fc8988a000 	C:\WINDOWS\SYSTEM32\CRYPTBASE.dll
0x000007fc89820000 - 0x000007fc8987d000 	C:\WINDOWS\SYSTEM32\bcryptPrimitives.dll
0x0000000074bb0000 - 0x0000000074bf7000 	C:\plc\java\java8u51\jre\bin\fontmanager.dll
0x000007fc89fa0000 - 0x000007fc8a036000 	C:\WINDOWS\SYSTEM32\clbcatq.dll
0x000007fc855f0000 - 0x000007fc85783000 	C:\WINDOWS\SYSTEM32\WindowsCodecs.dll
0x0000000074c20000 - 0x0000000074c3a000 	C:\plc\java\java8u51\jre\bin\net.dll
0x0000000074c00000 - 0x0000000074c11000 	C:\plc\java\java8u51\jre\bin\nio.dll
0x0000000074b60000 - 0x0000000074ba2000 	C:\plc\java\java8u51\jre\bin\t2k.dll
0x000007fc79c90000 - 0x000007fc79df3000 	C:\WINDOWS\SYSTEM32\dbghelp.dll

VM Arguments:
jvm_args: -agentlib:jdwp=transport=dt_socket,suspend=y,address=localhost:53697 -Dfile.encoding=Cp1252 
java_command: main.Main
java_class_path (initial): C:\plc\jcompany\meus_projetos2.5\GRHash\bin
Launcher Type: SUN_STANDARD

Environment Variables:
JAVA_HOME=C:\plc\jcompany\..\java8u51
PATH=C:\plc\java\java8u51\jre\bin;C:\plc\jcompany\..\java8u51\bin;C:\oracle\product\11.2.0\client_1\bin;C:\app\Java\product\11.2.0\client_1\bin;C:\ProgramData\Oracle\Java\javapath;C:\Program Files (x86)\Intel\iCLS Client\;C:\Program Files\Intel\iCLS Client\;C:\WINDOWS\system32;C:\WINDOWS;C:\WINDOWS\System32\Wbem;C:\WINDOWS\System32\WindowsPowerShell\v1.0\;C:\Program Files (x86)\Intel\OpenCL SDK\3.0\bin\x86;C:\Program Files (x86)\Intel\OpenCL SDK\3.0\bin\x64;C:\Program Files\Intel\Intel(R) Management Engine Components\DAL;C:\Program Files\Intel\Intel(R) Management Engine Components\IPT;C:\Program Files (x86)\Intel\Intel(R) Management Engine Components\DAL;C:\Program Files (x86)\Intel\Intel(R) Management Engine Components\IPT;C:\ProgramData\Lenovo\ReadyApps;C:\Program Files (x86)\Microsoft SQL Server\110\Tools\Binn\ManagementStudio\;C:\Program Files (x86)\Microsoft SQL Server\110\Tools\Binn\;C:\Program Files\Microsoft SQL Server\110\Tools\Binn\;C:\Program Files (x86)\Microsoft SQL Server\110\DTS\Binn\;C:\Program Files\Microsoft SQL Server\110\DTS\Binn\;C:\Program Files\TortoiseSVN\bin;C:\plc\java\java8u51\bin;C:\Program Files (x86)\Subversion\bin
USERNAME=gabrielsousa
OS=Windows_NT
PROCESSOR_IDENTIFIER=Intel64 Family 6 Model 60 Stepping 3, GenuineIntel



---------------  S Y S T E M  ---------------

OS: Windows 8 , 64 bit Build 9200 (6.2.9200.16859)

CPU:total 4 (4 cores per cpu, 1 threads per core) family 6 model 60 stepping 3, cmov, cx8, fxsr, mmx, sse, sse2, sse3, ssse3, sse4.1, sse4.2, popcnt, avx, avx2, aes, clmul, erms, lzcnt, tsc, tscinvbit, bmi1, bmi2

Memory: 4k page, physical 8299504k(3173292k free), swap 11445232k(4750108k free)

vm_info: Java HotSpot(TM) 64-Bit Server VM (25.51-b03) for windows-amd64 JRE (1.8.0_51-b16), built on Jun  8 2015 18:03:07 by "java_re" with MS VC++ 10.0 (VS2010)

time: Thu Jun 16 15:25:13 2016
elapsed time: 249 seconds (0d 0h 4m 9s)

